<?xml version="1.0" encoding="UTF-8"?>
<!-- Generated by org.testng.reporters.JUnitXMLReporter -->
<testsuite ignored="0" hostname="DESKTOP-JUU6CHH" failures="1" tests="1" name="FirefoxTest" time="0.08" errors="0" timestamp="2025-08-15T23:45:21 IST">
  <testcase classname="com.finalt.framework.tests.GoogleSearchTest" name="googleSearch" time="0.011">
    <failure type="java.lang.Error" message="Unresolved compilation problem: 
	The method findElementByName(String) is undefined for the type RemoteWebDriver
">
      <![CDATA[java.lang.Error: Unresolved compilation problem: 
The method findElementByName(String) is undefined for the type RemoteWebDriver

at com.finalt.framework.tests.GoogleSearchTest.googleSearch(GoogleSearchTest.java:12)
at java.base/java.util.ArrayList.forEach(ArrayList.java:1597)
at java.base/java.util.concurrent.FutureTask.run(FutureTask.java:317)
at java.base/java.util.concurrent.ThreadPoolExecutor.runWorker(ThreadPoolExecutor.java:1144)
at java.base/java.util.concurrent.ThreadPoolExecutor$Worker.run(ThreadPoolExecutor.java:642)
at java.base/java.lang.Thread.run(Thread.java:1575)
... Removed 15 stack frames]]>
    </failure>
  </testcase> <!-- googleSearch -->
</testsuite> <!-- FirefoxTest -->
